# JRE version: OpenJDK Runtime Environment (8.0_152-b01) (build 1.8.0_152-release-915-b01)
# Java VM: OpenJDK 64-Bit Server VM (25.152-b01 mixed mode windows-amd64 compressed oops)
Heap:
 PSYoungGen      total 286208K, used 167176K [0x00000000e0000000, 0x00000000f5100000, 0x0000000100000000)
  eden space 236544K, 66% used [0x00000000e0000000,0x00000000e98f6d58,0x00000000ee700000)
  from space 49664K, 21% used [0x00000000f2080000,0x00000000f2acb630,0x00000000f5100000)
  to   space 54272K, 0% used [0x00000000ee700000,0x00000000ee700000,0x00000000f1c00000)
 ParOldGen       total 172032K, used 73550K [0x00000000a0000000, 0x00000000aa800000, 0x00000000e0000000)
  object space 172032K, 42% used [0x00000000a0000000,0x00000000a47d3980,0x00000000aa800000)
 Metaspace       used 95523K, capacity 100540K, committed 102604K, reserved 1138688K
  class space    used 11997K, capacity 13108K, committed 13568K, reserved 1048576K
GC Heap History (10 events):
Event: 4526.295 GC heap before
{Heap before GC invocations=30 (full 3):
 PSYoungGen      total 242176K, used 242160K [0x00000000e0000000, 0x00000000f2c80000, 0x0000000100000000)
  eden space 210432K, 100% used [0x00000000e0000000,0x00000000ecd80000,0x00000000ecd80000)
  from space 31744K, 99% used [0x00000000f0d80000,0x00000000f2c7c230,0x00000000f2c80000)
  to   space 39936K, 0% used [0x00000000ede80000,0x00000000ede80000,0x00000000f0580000)
 ParOldGen       total 120320K, used 71364K [0x00000000a0000000, 0x00000000a7580000, 0x00000000e0000000)
  object space 120320K, 59% used [0x00000000a0000000,0x00000000a45b1100,0x00000000a7580000)
 Metaspace       used 91869K, capacity 97602K, committed 97920K, reserved 1134592K
  class space    used 11801K, capacity 13102K, committed 13184K, reserved 1048576K
Event: 4526.396 GC heap after
Heap after GC invocations=30 (full 3):
 PSYoungGen      total 242688K, used 39933K [0x00000000e0000000, 0x00000000f3200000, 0x0000000100000000)
  eden space 202752K, 0% used [0x00000000e0000000,0x00000000e0000000,0x00000000ec600000)
  from space 39936K, 99% used [0x00000000ede80000,0x00000000f057f6a0,0x00000000f0580000)
  to   space 45568K, 0% used [0x00000000f0580000,0x00000000f0580000,0x00000000f3200000)
 ParOldGen       total 120320K, used 96397K [0x00000000a0000000, 0x00000000a7580000, 0x00000000e0000000)
  object space 120320K, 80% used [0x00000000a0000000,0x00000000a5e234d8,0x00000000a7580000)
 Metaspace       used 91869K, capacity 97602K, committed 97920K, reserved 1134592K
  class space    used 11801K, capacity 13102K, committed 13184K, reserved 1048576K
}
Event: 4528.760 GC heap before
{Heap before GC invocations=31 (full 3):
 PSYoungGen      total 242688K, used 210968K [0x00000000e0000000, 0x00000000f3200000, 0x0000000100000000)
  eden space 202752K, 84% used [0x00000000e0000000,0x00000000ea706b98,0x00000000ec600000)
  from space 39936K, 99% used [0x00000000ede80000,0x00000000f057f6a0,0x00000000f0580000)
  to   space 45568K, 0% used [0x00000000f0580000,0x00000000f0580000,0x00000000f3200000)
 ParOldGen       total 120320K, used 96397K [0x00000000a0000000, 0x00000000a7580000, 0x00000000e0000000)
  object space 120320K, 80% used [0x00000000a0000000,0x00000000a5e234d8,0x00000000a7580000)
 Metaspace       used 92328K, capacity 98216K, committed 98380K, reserved 1134592K
  class space    used 11862K, capacity 13173K, committed 13184K, reserved 1048576K
Event: 4528.836 GC heap after
Heap after GC invocations=31 (full 3):
 PSYoungGen      total 256000K, used 35614K [0x00000000e0000000, 0x00000000f5100000, 0x0000000100000000)
  eden space 210432K, 0% used [0x00000000e0000000,0x00000000e0000000,0x00000000ecd80000)
  from space 45568K, 78% used [0x00000000f0580000,0x00000000f2847b90,0x00000000f3200000)
  to   space 57344K, 0% used [0x00000000ecd80000,0x00000000ecd80000,0x00000000f0580000)
 ParOldGen       total 120320K, used 99597K [0x00000000a0000000, 0x00000000a7580000, 0x00000000e0000000)
  object space 120320K, 82% used [0x00000000a0000000,0x00000000a6143588,0x00000000a7580000)
 Metaspace       used 92328K, capacity 98216K, committed 98380K, reserved 1134592K
  class space    used 11862K, capacity 13173K, committed 13184K, reserved 1048576K
}
Event: 4528.836 GC heap before
{Heap before GC invocations=32 (full 4):
 PSYoungGen      total 256000K, used 35614K [0x00000000e0000000, 0x00000000f5100000, 0x0000000100000000)
  eden space 210432K, 0% used [0x00000000e0000000,0x00000000e0000000,0x00000000ecd80000)
  from space 45568K, 78% used [0x00000000f0580000,0x00000000f2847b90,0x00000000f3200000)
  to   space 57344K, 0% used [0x00000000ecd80000,0x00000000ecd80000,0x00000000f0580000)
 ParOldGen       total 120320K, used 99597K [0x00000000a0000000, 0x00000000a7580000, 0x00000000e0000000)
  object space 120320K, 82% used [0x00000000a0000000,0x00000000a6143588,0x00000000a7580000)
 Metaspace       used 92328K, capacity 98216K, committed 98380K, reserved 1134592K
  class space    used 11862K, capacity 13173K, committed 13184K, reserved 1048576K
Event: 4529.214 GC heap after
Heap after GC invocations=32 (full 4):
 PSYoungGen      total 256000K, used 0K [0x00000000e0000000, 0x00000000f5100000, 0x0000000100000000)
  eden space 210432K, 0% used [0x00000000e0000000,0x00000000e0000000,0x00000000ecd80000)
  from space 45568K, 0% used [0x00000000f0580000,0x00000000f0580000,0x00000000f3200000)
  to   space 57344K, 0% used [0x00000000ecd80000,0x00000000ecd80000,0x00000000f0580000)
 ParOldGen       total 172032K, used 73534K [0x00000000a0000000, 0x00000000aa800000, 0x00000000e0000000)
  object space 172032K, 42% used [0x00000000a0000000,0x00000000a47cf980,0x00000000aa800000)
 Metaspace       used 90835K, capacity 95622K, committed 98380K, reserved 1134592K
  class space    used 11549K, capacity 12618K, committed 13184K, reserved 1048576K
}
Event: 4547.749 GC heap before
{Heap before GC invocations=33 (full 4):
 PSYoungGen      total 256000K, used 210432K [0x00000000e0000000, 0x00000000f5100000, 0x0000000100000000)
  eden space 210432K, 100% used [0x00000000e0000000,0x00000000ecd80000,0x00000000ecd80000)
  from space 45568K, 0% used [0x00000000f0580000,0x00000000f0580000,0x00000000f3200000)
  to   space 57344K, 0% used [0x00000000ecd80000,0x00000000ecd80000,0x00000000f0580000)
 ParOldGen       total 172032K, used 73534K [0x00000000a0000000, 0x00000000aa800000, 0x00000000e0000000)
  object space 172032K, 42% used [0x00000000a0000000,0x00000000a47cf980,0x00000000aa800000)
 Metaspace       used 95105K, capacity 99984K, committed 102604K, reserved 1138688K
  class space    used 11961K, capacity 13046K, committed 13568K, reserved 1048576K
Event: 4547.767 GC heap after
Heap after GC invocations=33 (full 4):
 PSYoungGen      total 267776K, used 10668K [0x00000000e0000000, 0x00000000f5700000, 0x0000000100000000)
  eden space 210432K, 0% used [0x00000000e0000000,0x00000000e0000000,0x00000000ecd80000)
  from space 57344K, 18% used [0x00000000ecd80000,0x00000000ed7eb230,0x00000000f0580000)
  to   space 55808K, 0% used [0x00000000f2080000,0x00000000f2080000,0x00000000f5700000)
 ParOldGen       total 172032K, used 73542K [0x00000000a0000000, 0x00000000aa800000, 0x00000000e0000000)
  object space 172032K, 42% used [0x00000000a0000000,0x00000000a47d1980,0x00000000aa800000)
 Metaspace       used 95105K, capacity 99984K, committed 102604K, reserved 1138688K
  class space    used 11961K, capacity 13046K, committed 13568K, reserved 1048576K
}
Event: 4551.949 GC heap before
{Heap before GC invocations=34 (full 4):
 PSYoungGen      total 267776K, used 221100K [0x00000000e0000000, 0x00000000f5700000, 0x0000000100000000)
  eden space 210432K, 100% used [0x00000000e0000000,0x00000000ecd80000,0x00000000ecd80000)
  from space 57344K, 18% used [0x00000000ecd80000,0x00000000ed7eb230,0x00000000f0580000)
  to   space 55808K, 0% used [0x00000000f2080000,0x00000000f2080000,0x00000000f5700000)
 ParOldGen       total 172032K, used 73542K [0x00000000a0000000, 0x00000000aa800000, 0x00000000e0000000)
  object space 172032K, 42% used [0x00000000a0000000,0x00000000a47d1980,0x00000000aa800000)
 Metaspace       used 95261K, capacity 100158K, committed 102604K, reserved 1138688K
  class space    used 11969K, capacity 13055K, committed 13568K, reserved 1048576K
Event: 4551.961 GC heap after
Heap after GC invocations=34 (full 4):
 PSYoungGen      total 286208K, used 10541K [0x00000000e0000000, 0x00000000f5100000, 0x0000000100000000)
  eden space 236544K, 0% used [0x00000000e0000000,0x00000000e0000000,0x00000000ee700000)
  from space 49664K, 21% used [0x00000000f2080000,0x00000000f2acb630,0x00000000f5100000)
  to   space 54272K, 0% used [0x00000000ee700000,0x00000000ee700000,0x00000000f1c00000)
 ParOldGen       total 172032K, used 73550K [0x00000000a0000000, 0x00000000aa800000, 0x00000000e0000000)
  object space 172032K, 42% used [0x00000000a0000000,0x00000000a47d3980,0x00000000aa800000)
 Metaspace       used 95261K, capacity 100158K, committed 102604K, reserved 1138688K
  class space    used 11969K, capacity 13055K, committed 13568K, reserved 1048576K
}

