# JRE version: OpenJDK Runtime Environment (8.0_152-b01) (build 1.8.0_152-release-915-b01)
# Java VM: OpenJDK 64-Bit Server VM (25.152-b01 mixed mode windows-amd64 compressed oops)
Heap:
 PSYoungGen      total 468480K, used 198757K [0x00000000e0000000, 0x00000000ffa80000, 0x0000000100000000)
  eden space 418304K, 45% used [0x00000000e0000000,0x00000000ebb5c420,0x00000000f9880000)
  from space 50176K, 13% used [0x00000000f9880000,0x00000000f9f3cfe0,0x00000000fc980000)
  to   space 47616K, 0% used [0x00000000fcc00000,0x00000000fcc00000,0x00000000ffa80000)
 ParOldGen       total 222208K, used 100170K [0x00000000a0000000, 0x00000000ad900000, 0x00000000e0000000)
  object space 222208K, 45% used [0x00000000a0000000,0x00000000a61d28f0,0x00000000ad900000)
 Metaspace       used 107116K, capacity 118618K, committed 121472K, reserved 1155072K
  class space    used 13294K, capacity 15984K, committed 16256K, reserved 1048576K
GC Heap History (10 events):
Event: 22327.127 GC heap before
{Heap before GC invocations=107 (full 6):
 PSYoungGen      total 459776K, used 401408K [0x00000000e0000000, 0x0000000100000000, 0x0000000100000000)
  eden space 401408K, 100% used [0x00000000e0000000,0x00000000f8800000,0x00000000f8800000)
  from space 58368K, 0% used [0x00000000fbf00000,0x00000000fbf00000,0x00000000ff800000)
  to   space 56320K, 0% used [0x00000000f8800000,0x00000000f8800000,0x00000000fbf00000)
 ParOldGen       total 222208K, used 95367K [0x00000000a0000000, 0x00000000ad900000, 0x00000000e0000000)
  object space 222208K, 42% used [0x00000000a0000000,0x00000000a5d21fa8,0x00000000ad900000)
 Metaspace       used 106036K, capacity 116044K, committed 121472K, reserved 1155072K
  class space    used 13071K, capacity 15437K, committed 16256K, reserved 1048576K
Event: 22327.147 GC heap after
Heap after GC invocations=107 (full 6):
 PSYoungGen      total 457728K, used 7190K [0x00000000e0000000, 0x00000000ffb00000, 0x0000000100000000)
  eden space 401408K, 0% used [0x00000000e0000000,0x00000000e0000000,0x00000000f8800000)
  from space 56320K, 12% used [0x00000000f8800000,0x00000000f8f05a88,0x00000000fbf00000)
  to   space 54784K, 0% used [0x00000000fc580000,0x00000000fc580000,0x00000000ffb00000)
 ParOldGen       total 222208K, used 95367K [0x00000000a0000000, 0x00000000ad900000, 0x00000000e0000000)
  object space 222208K, 42% used [0x00000000a0000000,0x00000000a5d21fa8,0x00000000ad900000)
 Metaspace       used 106036K, capacity 116044K, committed 121472K, reserved 1155072K
  class space    used 13071K, capacity 15437K, committed 16256K, reserved 1048576K
}
Event: 22383.025 GC heap before
{Heap before GC invocations=108 (full 6):
 PSYoungGen      total 457728K, used 408598K [0x00000000e0000000, 0x00000000ffb00000, 0x0000000100000000)
  eden space 401408K, 100% used [0x00000000e0000000,0x00000000f8800000,0x00000000f8800000)
  from space 56320K, 12% used [0x00000000f8800000,0x00000000f8f05a88,0x00000000fbf00000)
  to   space 54784K, 0% used [0x00000000fc580000,0x00000000fc580000,0x00000000ffb00000)
 ParOldGen       total 222208K, used 95367K [0x00000000a0000000, 0x00000000ad900000, 0x00000000e0000000)
  object space 222208K, 42% used [0x00000000a0000000,0x00000000a5d21fa8,0x00000000ad900000)
 Metaspace       used 106189K, capacity 116350K, committed 121472K, reserved 1155072K
  class space    used 13099K, capacity 15508K, committed 16256K, reserved 1048576K
Event: 22383.342 GC heap after
Heap after GC invocations=108 (full 6):
 PSYoungGen      total 465920K, used 5899K [0x00000000e0000000, 0x00000000ffb80000, 0x0000000100000000)
  eden space 411136K, 0% used [0x00000000e0000000,0x00000000e0000000,0x00000000f9180000)
  from space 54784K, 10% used [0x00000000fc580000,0x00000000fcb42fe0,0x00000000ffb00000)
  to   space 53248K, 0% used [0x00000000f9180000,0x00000000f9180000,0x00000000fc580000)
 ParOldGen       total 222208K, used 98671K [0x00000000a0000000, 0x00000000ad900000, 0x00000000e0000000)
  object space 222208K, 44% used [0x00000000a0000000,0x00000000a605bf70,0x00000000ad900000)
 Metaspace       used 106189K, capacity 116350K, committed 121472K, reserved 1155072K
  class space    used 13099K, capacity 15508K, committed 16256K, reserved 1048576K
}
Event: 22716.800 GC heap before
{Heap before GC invocations=109 (full 6):
 PSYoungGen      total 465920K, used 417035K [0x00000000e0000000, 0x00000000ffb80000, 0x0000000100000000)
  eden space 411136K, 100% used [0x00000000e0000000,0x00000000f9180000,0x00000000f9180000)
  from space 54784K, 10% used [0x00000000fc580000,0x00000000fcb42fe0,0x00000000ffb00000)
  to   space 53248K, 0% used [0x00000000f9180000,0x00000000f9180000,0x00000000fc580000)
 ParOldGen       total 222208K, used 98671K [0x00000000a0000000, 0x00000000ad900000, 0x00000000e0000000)
  object space 222208K, 44% used [0x00000000a0000000,0x00000000a605bf70,0x00000000ad900000)
 Metaspace       used 106379K, capacity 116834K, committed 121472K, reserved 1155072K
  class space    used 13137K, capacity 15598K, committed 16256K, reserved 1048576K
Event: 22716.981 GC heap after
Heap after GC invocations=109 (full 6):
 PSYoungGen      total 464384K, used 2103K [0x00000000e0000000, 0x00000000ffc80000, 0x0000000100000000)
  eden space 411136K, 0% used [0x00000000e0000000,0x00000000e0000000,0x00000000f9180000)
  from space 53248K, 3% used [0x00000000f9180000,0x00000000f938df40,0x00000000fc580000)
  to   space 52224K, 0% used [0x00000000fc980000,0x00000000fc980000,0x00000000ffc80000)
 ParOldGen       total 222208K, used 99008K [0x00000000a0000000, 0x00000000ad900000, 0x00000000e0000000)
  object space 222208K, 44% used [0x00000000a0000000,0x00000000a60b01b8,0x00000000ad900000)
 Metaspace       used 106379K, capacity 116834K, committed 121472K, reserved 1155072K
  class space    used 13137K, capacity 15598K, committed 16256K, reserved 1048576K
}
Event: 22772.075 GC heap before
{Heap before GC invocations=110 (full 6):
 PSYoungGen      total 464384K, used 413239K [0x00000000e0000000, 0x00000000ffc80000, 0x0000000100000000)
  eden space 411136K, 100% used [0x00000000e0000000,0x00000000f9180000,0x00000000f9180000)
  from space 53248K, 3% used [0x00000000f9180000,0x00000000f938df40,0x00000000fc580000)
  to   space 52224K, 0% used [0x00000000fc980000,0x00000000fc980000,0x00000000ffc80000)
 ParOldGen       total 222208K, used 99008K [0x00000000a0000000, 0x00000000ad900000, 0x00000000e0000000)
  object space 222208K, 44% used [0x00000000a0000000,0x00000000a60b01b8,0x00000000ad900000)
 Metaspace       used 106609K, capacity 117450K, committed 121472K, reserved 1155072K
  class space    used 13188K, capacity 15730K, committed 16256K, reserved 1048576K
Event: 22772.462 GC heap after
Heap after GC invocations=110 (full 6):
 PSYoungGen      total 468992K, used 6220K [0x00000000e0000000, 0x00000000ffb00000, 0x0000000100000000)
  eden space 418304K, 0% used [0x00000000e0000000,0x00000000e0000000,0x00000000f9880000)
  from space 50688K, 12% used [0x00000000fc980000,0x00000000fcf93010,0x00000000ffb00000)
  to   space 50176K, 0% used [0x00000000f9880000,0x00000000f9880000,0x00000000fc980000)
 ParOldGen       total 222208K, used 99533K [0x00000000a0000000, 0x00000000ad900000, 0x00000000e0000000)
  object space 222208K, 44% used [0x00000000a0000000,0x00000000a6133620,0x00000000ad900000)
 Metaspace       used 106609K, capacity 117450K, committed 121472K, reserved 1155072K
  class space    used 13188K, capacity 15730K, committed 16256K, reserved 1048576K
}
Event: 23456.809 GC heap before
{Heap before GC invocations=111 (full 6):
 PSYoungGen      total 468992K, used 424524K [0x00000000e0000000, 0x00000000ffb00000, 0x0000000100000000)
  eden space 418304K, 100% used [0x00000000e0000000,0x00000000f9880000,0x00000000f9880000)
  from space 50688K, 12% used [0x00000000fc980000,0x00000000fcf93010,0x00000000ffb00000)
  to   space 50176K, 0% used [0x00000000f9880000,0x00000000f9880000,0x00000000fc980000)
 ParOldGen       total 222208K, used 99533K [0x00000000a0000000, 0x00000000ad900000, 0x00000000e0000000)
  object space 222208K, 44% used [0x00000000a0000000,0x00000000a6133620,0x00000000ad900000)
 Metaspace       used 106676K, capacity 117574K, committed 121472K, reserved 1155072K
  class space    used 13199K, capacity 15770K, committed 16256K, reserved 1048576K
Event: 23456.864 GC heap after
Heap after GC invocations=111 (full 6):
 PSYoungGen      total 468480K, used 6899K [0x00000000e0000000, 0x00000000ffa80000, 0x0000000100000000)
  eden space 418304K, 0% used [0x00000000e0000000,0x00000000e0000000,0x00000000f9880000)
  from space 50176K, 13% used [0x00000000f9880000,0x00000000f9f3cfe0,0x00000000fc980000)
  to   space 47616K, 0% used [0x00000000fcc00000,0x00000000fcc00000,0x00000000ffa80000)
 ParOldGen       total 222208K, used 100170K [0x00000000a0000000, 0x00000000ad900000, 0x00000000e0000000)
  object space 222208K, 45% used [0x00000000a0000000,0x00000000a61d28f0,0x00000000ad900000)
 Metaspace       used 106676K, capacity 117574K, committed 121472K, reserved 1155072K
  class space    used 13199K, capacity 15770K, committed 16256K, reserved 1048576K
}

