# JRE version: OpenJDK Runtime Environment (8.0_152-b01) (build 1.8.0_152-release-915-b01)
# Java VM: OpenJDK 64-Bit Server VM (25.152-b01 mixed mode windows-amd64 compressed oops)
Heap:
 PSYoungGen      total 390144K, used 253155K [0x00000000e0000000, 0x0000000100000000, 0x0000000100000000)
  eden space 267264K, 58% used [0x00000000e0000000,0x00000000e984ec30,0x00000000f0500000)
  from space 122880K, 79% used [0x00000000f0500000,0x00000000f63ea398,0x00000000f7d00000)
  to   space 126976K, 0% used [0x00000000f8400000,0x00000000f8400000,0x0000000100000000)
 ParOldGen       total 983552K, used 941350K [0x00000000a0000000, 0x00000000dc080000, 0x00000000e0000000)
  object space 983552K, 95% used [0x00000000a0000000,0x00000000d9749b78,0x00000000dc080000)
 Metaspace       used 145664K, capacity 159556K, committed 159872K, reserved 1187840K
  class space    used 18163K, capacity 21534K, committed 21632K, reserved 1048576K
GC Heap History (10 events):
Event: 15353.532 GC heap before
{Heap before GC invocations=135 (full 12):
 PSYoungGen      total 400896K, used 367652K [0x00000000e0000000, 0x0000000100000000, 0x0000000100000000)
  eden space 282624K, 100% used [0x00000000e0000000,0x00000000f1400000,0x00000000f1400000)
  from space 118272K, 71% used [0x00000000f8a00000,0x00000000fdd093d0,0x00000000ffd80000)
  to   space 120832K, 0% used [0x00000000f1400000,0x00000000f1400000,0x00000000f8a00000)
 ParOldGen       total 983552K, used 937502K [0x00000000a0000000, 0x00000000dc080000, 0x00000000e0000000)
  object space 983552K, 95% used [0x00000000a0000000,0x00000000d9387af8,0x00000000dc080000)
 Metaspace       used 142621K, capacity 155068K, committed 155136K, reserved 1183744K
  class space    used 17742K, capacity 20714K, committed 20736K, reserved 1048576K
Event: 15353.651 GC heap after
Heap after GC invocations=135 (full 12):
 PSYoungGen      total 386048K, used 103386K [0x00000000e0000000, 0x0000000100000000, 0x0000000100000000)
  eden space 282624K, 0% used [0x00000000e0000000,0x00000000e0000000,0x00000000f1400000)
  from space 103424K, 99% used [0x00000000f1400000,0x00000000f78f6810,0x00000000f7900000)
  to   space 129024K, 0% used [0x00000000f8200000,0x00000000f8200000,0x0000000100000000)
 ParOldGen       total 983552K, used 937930K [0x00000000a0000000, 0x00000000dc080000, 0x00000000e0000000)
  object space 983552K, 95% used [0x00000000a0000000,0x00000000d93f2b08,0x00000000dc080000)
 Metaspace       used 142621K, capacity 155068K, committed 155136K, reserved 1183744K
  class space    used 17742K, capacity 20714K, committed 20736K, reserved 1048576K
}
Event: 15398.460 GC heap before
{Heap before GC invocations=136 (full 12):
 PSYoungGen      total 386048K, used 386010K [0x00000000e0000000, 0x0000000100000000, 0x0000000100000000)
  eden space 282624K, 100% used [0x00000000e0000000,0x00000000f1400000,0x00000000f1400000)
  from space 103424K, 99% used [0x00000000f1400000,0x00000000f78f6810,0x00000000f7900000)
  to   space 129024K, 0% used [0x00000000f8200000,0x00000000f8200000,0x0000000100000000)
 ParOldGen       total 983552K, used 937930K [0x00000000a0000000, 0x00000000dc080000, 0x00000000e0000000)
  object space 983552K, 95% used [0x00000000a0000000,0x00000000d93f2b08,0x00000000dc080000)
 Metaspace       used 144016K, capacity 156594K, committed 156928K, reserved 1185792K
  class space    used 17909K, capacity 20893K, committed 20992K, reserved 1048576K
Event: 15398.542 GC heap after
Heap after GC invocations=136 (full 12):
 PSYoungGen      total 392192K, used 88618K [0x00000000e0000000, 0x0000000100000000, 0x0000000100000000)
  eden space 263168K, 0% used [0x00000000e0000000,0x00000000e0000000,0x00000000f0100000)
  from space 129024K, 68% used [0x00000000f8200000,0x00000000fd88a838,0x0000000100000000)
  to   space 130560K, 0% used [0x00000000f0100000,0x00000000f0100000,0x00000000f8080000)
 ParOldGen       total 983552K, used 940294K [0x00000000a0000000, 0x00000000dc080000, 0x00000000e0000000)
  object space 983552K, 95% used [0x00000000a0000000,0x00000000d9641b78,0x00000000dc080000)
 Metaspace       used 144016K, capacity 156594K, committed 156928K, reserved 1185792K
  class space    used 17909K, capacity 20893K, committed 20992K, reserved 1048576K
}
Event: 16709.444 GC heap before
{Heap before GC invocations=137 (full 12):
 PSYoungGen      total 392192K, used 351786K [0x00000000e0000000, 0x0000000100000000, 0x0000000100000000)
  eden space 263168K, 100% used [0x00000000e0000000,0x00000000f0100000,0x00000000f0100000)
  from space 129024K, 68% used [0x00000000f8200000,0x00000000fd88a838,0x0000000100000000)
  to   space 130560K, 0% used [0x00000000f0100000,0x00000000f0100000,0x00000000f8080000)
 ParOldGen       total 983552K, used 940294K [0x00000000a0000000, 0x00000000dc080000, 0x00000000e0000000)
  object space 983552K, 95% used [0x00000000a0000000,0x00000000d9641b78,0x00000000dc080000)
 Metaspace       used 144446K, capacity 157272K, committed 157568K, reserved 1185792K
  class space    used 17986K, capacity 21059K, committed 21120K, reserved 1048576K
Event: 16709.539 GC heap after
Heap after GC invocations=137 (full 12):
 PSYoungGen      total 340992K, used 77367K [0x00000000e0000000, 0x00000000ff980000, 0x0000000100000000)
  eden space 263168K, 0% used [0x00000000e0000000,0x00000000e0000000,0x00000000f0100000)
  from space 77824K, 99% used [0x00000000f0100000,0x00000000f4c8dfe0,0x00000000f4d00000)
  to   space 126464K, 0% used [0x00000000f7e00000,0x00000000f7e00000,0x00000000ff980000)
 ParOldGen       total 983552K, used 940790K [0x00000000a0000000, 0x00000000dc080000, 0x00000000e0000000)
  object space 983552K, 95% used [0x00000000a0000000,0x00000000d96bdb78,0x00000000dc080000)
 Metaspace       used 144446K, capacity 157272K, committed 157568K, reserved 1185792K
  class space    used 17986K, capacity 21059K, committed 21120K, reserved 1048576K
}
Event: 16743.021 GC heap before
{Heap before GC invocations=138 (full 12):
 PSYoungGen      total 340992K, used 340535K [0x00000000e0000000, 0x00000000ff980000, 0x0000000100000000)
  eden space 263168K, 100% used [0x00000000e0000000,0x00000000f0100000,0x00000000f0100000)
  from space 77824K, 99% used [0x00000000f0100000,0x00000000f4c8dfe0,0x00000000f4d00000)
  to   space 126464K, 0% used [0x00000000f7e00000,0x00000000f7e00000,0x00000000ff980000)
 ParOldGen       total 983552K, used 940790K [0x00000000a0000000, 0x00000000dc080000, 0x00000000e0000000)
  object space 983552K, 95% used [0x00000000a0000000,0x00000000d96bdb78,0x00000000dc080000)
 Metaspace       used 144888K, capacity 158160K, committed 158336K, reserved 1185792K
  class space    used 18058K, capacity 21286K, committed 21376K, reserved 1048576K
Event: 16743.107 GC heap after
Heap after GC invocations=138 (full 12):
 PSYoungGen      total 389120K, used 76903K [0x00000000e0000000, 0x00000000ff500000, 0x0000000100000000)
  eden space 267264K, 0% used [0x00000000e0000000,0x00000000e0000000,0x00000000f0500000)
  from space 121856K, 63% used [0x00000000f7e00000,0x00000000fc919cf8,0x00000000ff500000)
  to   space 122880K, 0% used [0x00000000f0500000,0x00000000f0500000,0x00000000f7d00000)
 ParOldGen       total 983552K, used 941166K [0x00000000a0000000, 0x00000000dc080000, 0x00000000e0000000)
  object space 983552K, 95% used [0x00000000a0000000,0x00000000d971bb78,0x00000000dc080000)
 Metaspace       used 144888K, capacity 158160K, committed 158336K, reserved 1185792K
  class space    used 18058K, capacity 21286K, committed 21376K, reserved 1048576K
}
Event: 16747.966 GC heap before
{Heap before GC invocations=139 (full 12):
 PSYoungGen      total 389120K, used 344167K [0x00000000e0000000, 0x00000000ff500000, 0x0000000100000000)
  eden space 267264K, 100% used [0x00000000e0000000,0x00000000f0500000,0x00000000f0500000)
  from space 121856K, 63% used [0x00000000f7e00000,0x00000000fc919cf8,0x00000000ff500000)
  to   space 122880K, 0% used [0x00000000f0500000,0x00000000f0500000,0x00000000f7d00000)
 ParOldGen       total 983552K, used 941166K [0x00000000a0000000, 0x00000000dc080000, 0x00000000e0000000)
  object space 983552K, 95% used [0x00000000a0000000,0x00000000d971bb78,0x00000000dc080000)
 Metaspace       used 145398K, capacity 159170K, committed 159232K, reserved 1187840K
  class space    used 18128K, capacity 21471K, committed 21504K, reserved 1048576K
Event: 16748.105 GC heap after
Heap after GC invocations=139 (full 12):
 PSYoungGen      total 390144K, used 97192K [0x00000000e0000000, 0x0000000100000000, 0x0000000100000000)
  eden space 267264K, 0% used [0x00000000e0000000,0x00000000e0000000,0x00000000f0500000)
  from space 122880K, 79% used [0x00000000f0500000,0x00000000f63ea398,0x00000000f7d00000)
  to   space 126976K, 0% used [0x00000000f8400000,0x00000000f8400000,0x0000000100000000)
 ParOldGen       total 983552K, used 941350K [0x00000000a0000000, 0x00000000dc080000, 0x00000000e0000000)
  object space 983552K, 95% used [0x00000000a0000000,0x00000000d9749b78,0x00000000dc080000)
 Metaspace       used 145398K, capacity 159170K, committed 159232K, reserved 1187840K
  class space    used 18128K, capacity 21471K, committed 21504K, reserved 1048576K
}

