# JRE version: OpenJDK Runtime Environment (8.0_152-b01) (build 1.8.0_152-release-915-b01)
# Java VM: OpenJDK 64-Bit Server VM (25.152-b01 mixed mode windows-amd64 compressed oops)
Heap:
 PSYoungGen      total 441856K, used 9686K [0x00000000e0000000, 0x00000000ff800000, 0x0000000100000000)
  eden space 367616K, 1% used [0x00000000e0000000,0x00000000e051f1b0,0x00000000f6700000)
  from space 74240K, 5% used [0x00000000faf80000,0x00000000fb3d67d8,0x00000000ff800000)
  to   space 74240K, 0% used [0x00000000f6700000,0x00000000f6700000,0x00000000faf80000)
 ParOldGen       total 196608K, used 96176K [0x00000000a0000000, 0x00000000ac000000, 0x00000000e0000000)
  object space 196608K, 48% used [0x00000000a0000000,0x00000000a5dec1f8,0x00000000ac000000)
 Metaspace       used 80178K, capacity 84314K, committed 84628K, reserved 1122304K
  class space    used 9887K, capacity 10852K, committed 10940K, reserved 1048576K
GC Heap History (10 events):
Event: 1139.768 GC heap before
{Heap before GC invocations=32 (full 4):
 PSYoungGen      total 429568K, used 352499K [0x00000000e0000000, 0x00000000ffb00000, 0x0000000100000000)
  eden space 337920K, 100% used [0x00000000e0000000,0x00000000f4a00000,0x00000000f4a00000)
  from space 91648K, 15% used [0x00000000f4a00000,0x00000000f583cc18,0x00000000fa380000)
  to   space 88064K, 0% used [0x00000000fa500000,0x00000000fa500000,0x00000000ffb00000)
 ParOldGen       total 196608K, used 85305K [0x00000000a0000000, 0x00000000ac000000, 0x00000000e0000000)
  object space 196608K, 43% used [0x00000000a0000000,0x00000000a534e678,0x00000000ac000000)
 Metaspace       used 78535K, capacity 82292K, committed 82452K, reserved 1122304K
  class space    used 9656K, capacity 10497K, committed 10556K, reserved 1048576K
Event: 1139.812 GC heap after
Heap after GC invocations=32 (full 4):
 PSYoungGen      total 431104K, used 4903K [0x00000000e0000000, 0x00000000ff980000, 0x0000000100000000)
  eden space 344576K, 0% used [0x00000000e0000000,0x00000000e0000000,0x00000000f5080000)
  from space 86528K, 5% used [0x00000000fa500000,0x00000000fa9c9c40,0x00000000ff980000)
  to   space 86528K, 0% used [0x00000000f5080000,0x00000000f5080000,0x00000000fa500000)
 ParOldGen       total 196608K, used 89593K [0x00000000a0000000, 0x00000000ac000000, 0x00000000e0000000)
  object space 196608K, 45% used [0x00000000a0000000,0x00000000a577e478,0x00000000ac000000)
 Metaspace       used 78535K, capacity 82292K, committed 82452K, reserved 1122304K
  class space    used 9656K, capacity 10497K, committed 10556K, reserved 1048576K
}
Event: 1153.283 GC heap before
{Heap before GC invocations=33 (full 4):
 PSYoungGen      total 431104K, used 349479K [0x00000000e0000000, 0x00000000ff980000, 0x0000000100000000)
  eden space 344576K, 100% used [0x00000000e0000000,0x00000000f5080000,0x00000000f5080000)
  from space 86528K, 5% used [0x00000000fa500000,0x00000000fa9c9c40,0x00000000ff980000)
  to   space 86528K, 0% used [0x00000000f5080000,0x00000000f5080000,0x00000000fa500000)
 ParOldGen       total 196608K, used 89593K [0x00000000a0000000, 0x00000000ac000000, 0x00000000e0000000)
  object space 196608K, 45% used [0x00000000a0000000,0x00000000a577e478,0x00000000ac000000)
 Metaspace       used 79018K, capacity 82822K, committed 83092K, reserved 1122304K
  class space    used 9714K, capacity 10580K, committed 10684K, reserved 1048576K
Event: 1153.296 GC heap after
Heap after GC invocations=33 (full 4):
 PSYoungGen      total 431104K, used 9572K [0x00000000e0000000, 0x00000000ffa00000, 0x0000000100000000)
  eden space 344576K, 0% used [0x00000000e0000000,0x00000000e0000000,0x00000000f5080000)
  from space 86528K, 11% used [0x00000000f5080000,0x00000000f59d92f0,0x00000000fa500000)
  to   space 83456K, 0% used [0x00000000fa880000,0x00000000fa880000,0x00000000ffa00000)
 ParOldGen       total 196608K, used 89601K [0x00000000a0000000, 0x00000000ac000000, 0x00000000e0000000)
  object space 196608K, 45% used [0x00000000a0000000,0x00000000a5780478,0x00000000ac000000)
 Metaspace       used 79018K, capacity 82822K, committed 83092K, reserved 1122304K
  class space    used 9714K, capacity 10580K, committed 10684K, reserved 1048576K
}
Event: 1154.233 GC heap before
{Heap before GC invocations=34 (full 4):
 PSYoungGen      total 431104K, used 354148K [0x00000000e0000000, 0x00000000ffa00000, 0x0000000100000000)
  eden space 344576K, 100% used [0x00000000e0000000,0x00000000f5080000,0x00000000f5080000)
  from space 86528K, 11% used [0x00000000f5080000,0x00000000f59d92f0,0x00000000fa500000)
  to   space 83456K, 0% used [0x00000000fa880000,0x00000000fa880000,0x00000000ffa00000)
 ParOldGen       total 196608K, used 89601K [0x00000000a0000000, 0x00000000ac000000, 0x00000000e0000000)
  object space 196608K, 45% used [0x00000000a0000000,0x00000000a5780478,0x00000000ac000000)
 Metaspace       used 79029K, capacity 82822K, committed 83092K, reserved 1122304K
  class space    used 9714K, capacity 10580K, committed 10684K, reserved 1048576K
Event: 1154.268 GC heap after
Heap after GC invocations=34 (full 4):
 PSYoungGen      total 433664K, used 10960K [0x00000000e0000000, 0x00000000ff600000, 0x0000000100000000)
  eden space 354304K, 0% used [0x00000000e0000000,0x00000000e0000000,0x00000000f5a00000)
  from space 79360K, 13% used [0x00000000fa880000,0x00000000fb3340a0,0x00000000ff600000)
  to   space 79872K, 0% used [0x00000000f5a00000,0x00000000f5a00000,0x00000000fa800000)
 ParOldGen       total 196608K, used 89601K [0x00000000a0000000, 0x00000000ac000000, 0x00000000e0000000)
  object space 196608K, 45% used [0x00000000a0000000,0x00000000a5780478,0x00000000ac000000)
 Metaspace       used 79029K, capacity 82822K, committed 83092K, reserved 1122304K
  class space    used 9714K, capacity 10580K, committed 10684K, reserved 1048576K
}
Event: 1156.988 GC heap before
{Heap before GC invocations=35 (full 4):
 PSYoungGen      total 433664K, used 365246K [0x00000000e0000000, 0x00000000ff600000, 0x0000000100000000)
  eden space 354304K, 99% used [0x00000000e0000000,0x00000000f59fbb38,0x00000000f5a00000)
  from space 79360K, 13% used [0x00000000fa880000,0x00000000fb3340a0,0x00000000ff600000)
  to   space 79872K, 0% used [0x00000000f5a00000,0x00000000f5a00000,0x00000000fa800000)
 ParOldGen       total 196608K, used 89601K [0x00000000a0000000, 0x00000000ac000000, 0x00000000e0000000)
  object space 196608K, 45% used [0x00000000a0000000,0x00000000a5780478,0x00000000ac000000)
 Metaspace       used 79140K, capacity 82974K, committed 83092K, reserved 1122304K
  class space    used 9717K, capacity 10584K, committed 10684K, reserved 1048576K
Event: 1157.008 GC heap after
Heap after GC invocations=35 (full 4):
 PSYoungGen      total 434176K, used 9939K [0x00000000e0000000, 0x00000000ffa80000, 0x0000000100000000)
  eden space 354304K, 0% used [0x00000000e0000000,0x00000000e0000000,0x00000000f5a00000)
  from space 79872K, 12% used [0x00000000f5a00000,0x00000000f63b4c38,0x00000000fa800000)
  to   space 76800K, 0% used [0x00000000faf80000,0x00000000faf80000,0x00000000ffa80000)
 ParOldGen       total 196608K, used 96024K [0x00000000a0000000, 0x00000000ac000000, 0x00000000e0000000)
  object space 196608K, 48% used [0x00000000a0000000,0x00000000a5dc61f8,0x00000000ac000000)
 Metaspace       used 79140K, capacity 82974K, committed 83092K, reserved 1122304K
  class space    used 9717K, capacity 10584K, committed 10684K, reserved 1048576K
}
Event: 1282.293 GC heap before
{Heap before GC invocations=36 (full 4):
 PSYoungGen      total 434176K, used 364243K [0x00000000e0000000, 0x00000000ffa80000, 0x0000000100000000)
  eden space 354304K, 100% used [0x00000000e0000000,0x00000000f5a00000,0x00000000f5a00000)
  from space 79872K, 12% used [0x00000000f5a00000,0x00000000f63b4c38,0x00000000fa800000)
  to   space 76800K, 0% used [0x00000000faf80000,0x00000000faf80000,0x00000000ffa80000)
 ParOldGen       total 196608K, used 96024K [0x00000000a0000000, 0x00000000ac000000, 0x00000000e0000000)
  object space 196608K, 48% used [0x00000000a0000000,0x00000000a5dc61f8,0x00000000ac000000)
 Metaspace       used 80178K, capacity 84314K, committed 84628K, reserved 1122304K
  class space    used 9887K, capacity 10852K, committed 10940K, reserved 1048576K
Event: 1282.477 GC heap after
Heap after GC invocations=36 (full 4):
 PSYoungGen      total 441856K, used 4441K [0x00000000e0000000, 0x00000000ff800000, 0x0000000100000000)
  eden space 367616K, 0% used [0x00000000e0000000,0x00000000e0000000,0x00000000f6700000)
  from space 74240K, 5% used [0x00000000faf80000,0x00000000fb3d67d8,0x00000000ff800000)
  to   space 74240K, 0% used [0x00000000f6700000,0x00000000f6700000,0x00000000faf80000)
 ParOldGen       total 196608K, used 96176K [0x00000000a0000000, 0x00000000ac000000, 0x00000000e0000000)
  object space 196608K, 48% used [0x00000000a0000000,0x00000000a5dec1f8,0x00000000ac000000)
 Metaspace       used 80178K, capacity 84314K, committed 84628K, reserved 1122304K
  class space    used 9887K, capacity 10852K, committed 10940K, reserved 1048576K
}

