# JRE version: OpenJDK Runtime Environment (8.0_152-b01) (build 1.8.0_152-release-915-b01)
# Java VM: OpenJDK 64-Bit Server VM (25.152-b01 mixed mode windows-amd64 compressed oops)
Heap:
 PSYoungGen      total 464896K, used 239104K [0x00000000e0000000, 0x00000000ffc00000, 0x0000000100000000)
  eden space 410112K, 56% used [0x00000000e0000000,0x00000000ee100678,0x00000000f9080000)
  from space 54784K, 15% used [0x00000000f9080000,0x00000000f98ffcb0,0x00000000fc600000)
  to   space 52736K, 0% used [0x00000000fc880000,0x00000000fc880000,0x00000000ffc00000)
 ParOldGen       total 180224K, used 98230K [0x00000000a0000000, 0x00000000ab000000, 0x00000000e0000000)
  object space 180224K, 54% used [0x00000000a0000000,0x00000000a5fedb70,0x00000000ab000000)
 Metaspace       used 97293K, capacity 103222K, committed 103500K, reserved 1138688K
  class space    used 12273K, capacity 13638K, committed 13696K, reserved 1048576K
GC Heap History (10 events):
Event: 1792.611 GC heap before
{Heap before GC invocations=23 (full 4):
 PSYoungGen      total 462336K, used 5686K [0x00000000e0000000, 0x0000000100000000, 0x0000000100000000)
  eden space 400384K, 0% used [0x00000000e0000000,0x00000000e0000000,0x00000000f8700000)
  from space 61952K, 9% used [0x00000000f8700000,0x00000000f8c8db48,0x00000000fc380000)
  to   space 60928K, 0% used [0x00000000fc480000,0x00000000fc480000,0x0000000100000000)
 ParOldGen       total 138752K, used 138696K [0x00000000a0000000, 0x00000000a8780000, 0x00000000e0000000)
  object space 138752K, 99% used [0x00000000a0000000,0x00000000a8772398,0x00000000a8780000)
 Metaspace       used 92865K, capacity 98330K, committed 98380K, reserved 1134592K
  class space    used 11870K, capacity 13153K, committed 13184K, reserved 1048576K
Event: 1793.124 GC heap after
Heap after GC invocations=23 (full 4):
 PSYoungGen      total 462336K, used 0K [0x00000000e0000000, 0x0000000100000000, 0x0000000100000000)
  eden space 400384K, 0% used [0x00000000e0000000,0x00000000e0000000,0x00000000f8700000)
  from space 61952K, 0% used [0x00000000f8700000,0x00000000f8700000,0x00000000fc380000)
  to   space 60928K, 0% used [0x00000000fc480000,0x00000000fc480000,0x0000000100000000)
 ParOldGen       total 180224K, used 86996K [0x00000000a0000000, 0x00000000ab000000, 0x00000000e0000000)
  object space 180224K, 48% used [0x00000000a0000000,0x00000000a54f5388,0x00000000ab000000)
 Metaspace       used 92529K, capacity 97758K, committed 98380K, reserved 1134592K
  class space    used 11813K, capacity 13046K, committed 13184K, reserved 1048576K
}
Event: 1797.962 GC heap before
{Heap before GC invocations=24 (full 4):
 PSYoungGen      total 462336K, used 399705K [0x00000000e0000000, 0x0000000100000000, 0x0000000100000000)
  eden space 400384K, 99% used [0x00000000e0000000,0x00000000f86565f0,0x00000000f8700000)
  from space 61952K, 0% used [0x00000000f8700000,0x00000000f8700000,0x00000000fc380000)
  to   space 60928K, 0% used [0x00000000fc480000,0x00000000fc480000,0x0000000100000000)
 ParOldGen       total 180224K, used 86996K [0x00000000a0000000, 0x00000000ab000000, 0x00000000e0000000)
  object space 180224K, 48% used [0x00000000a0000000,0x00000000a54f5388,0x00000000ab000000)
 Metaspace       used 95213K, capacity 100558K, committed 101196K, reserved 1136640K
  class space    used 12071K, capacity 13306K, committed 13440K, reserved 1048576K
Event: 1797.977 GC heap after
Heap after GC invocations=24 (full 4):
 PSYoungGen      total 457216K, used 11688K [0x00000000e0000000, 0x00000000ffb00000, 0x0000000100000000)
  eden space 401408K, 0% used [0x00000000e0000000,0x00000000e0000000,0x00000000f8800000)
  from space 55808K, 20% used [0x00000000fc480000,0x00000000fcfea058,0x00000000ffb00000)
  to   space 58880K, 0% used [0x00000000f8800000,0x00000000f8800000,0x00000000fc180000)
 ParOldGen       total 180224K, used 87004K [0x00000000a0000000, 0x00000000ab000000, 0x00000000e0000000)
  object space 180224K, 48% used [0x00000000a0000000,0x00000000a54f7388,0x00000000ab000000)
 Metaspace       used 95213K, capacity 100558K, committed 101196K, reserved 1136640K
  class space    used 12071K, capacity 13306K, committed 13440K, reserved 1048576K
}
Event: 3094.687 GC heap before
{Heap before GC invocations=25 (full 4):
 PSYoungGen      total 457216K, used 410406K [0x00000000e0000000, 0x00000000ffb00000, 0x0000000100000000)
  eden space 401408K, 99% used [0x00000000e0000000,0x00000000f855f840,0x00000000f8800000)
  from space 55808K, 20% used [0x00000000fc480000,0x00000000fcfea058,0x00000000ffb00000)
  to   space 58880K, 0% used [0x00000000f8800000,0x00000000f8800000,0x00000000fc180000)
 ParOldGen       total 180224K, used 87004K [0x00000000a0000000, 0x00000000ab000000, 0x00000000e0000000)
  object space 180224K, 48% used [0x00000000a0000000,0x00000000a54f7388,0x00000000ab000000)
 Metaspace       used 96229K, capacity 101912K, committed 102092K, reserved 1138688K
  class space    used 12208K, capacity 13505K, committed 13568K, reserved 1048576K
Event: 3094.719 GC heap after
Heap after GC invocations=25 (full 4):
 PSYoungGen      total 460288K, used 21159K [0x00000000e0000000, 0x00000000ffc00000, 0x0000000100000000)
  eden space 401408K, 0% used [0x00000000e0000000,0x00000000e0000000,0x00000000f8800000)
  from space 58880K, 35% used [0x00000000f8800000,0x00000000f9ca9e08,0x00000000fc180000)
  to   space 55296K, 0% used [0x00000000fc600000,0x00000000fc600000,0x00000000ffc00000)
 ParOldGen       total 180224K, used 88901K [0x00000000a0000000, 0x00000000ab000000, 0x00000000e0000000)
  object space 180224K, 49% used [0x00000000a0000000,0x00000000a56d1448,0x00000000ab000000)
 Metaspace       used 96229K, capacity 101912K, committed 102092K, reserved 1138688K
  class space    used 12208K, capacity 13505K, committed 13568K, reserved 1048576K
}
Event: 3113.036 GC heap before
{Heap before GC invocations=26 (full 4):
 PSYoungGen      total 460288K, used 422567K [0x00000000e0000000, 0x00000000ffc00000, 0x0000000100000000)
  eden space 401408K, 100% used [0x00000000e0000000,0x00000000f8800000,0x00000000f8800000)
  from space 58880K, 35% used [0x00000000f8800000,0x00000000f9ca9e08,0x00000000fc180000)
  to   space 55296K, 0% used [0x00000000fc600000,0x00000000fc600000,0x00000000ffc00000)
 ParOldGen       total 180224K, used 88901K [0x00000000a0000000, 0x00000000ab000000, 0x00000000e0000000)
  object space 180224K, 49% used [0x00000000a0000000,0x00000000a56d1448,0x00000000ab000000)
 Metaspace       used 96446K, capacity 102104K, committed 102348K, reserved 1138688K
  class space    used 12213K, capacity 13516K, committed 13568K, reserved 1048576K
Event: 3113.082 GC heap after
Heap after GC invocations=26 (full 4):
 PSYoungGen      total 464896K, used 5344K [0x00000000e0000000, 0x00000000ffb80000, 0x0000000100000000)
  eden space 410112K, 0% used [0x00000000e0000000,0x00000000e0000000,0x00000000f9080000)
  from space 54784K, 9% used [0x00000000fc600000,0x00000000fcb38070,0x00000000ffb80000)
  to   space 54784K, 0% used [0x00000000f9080000,0x00000000f9080000,0x00000000fc600000)
 ParOldGen       total 180224K, used 94380K [0x00000000a0000000, 0x00000000ab000000, 0x00000000e0000000)
  object space 180224K, 52% used [0x00000000a0000000,0x00000000a5c2b0d0,0x00000000ab000000)
 Metaspace       used 96446K, capacity 102104K, committed 102348K, reserved 1138688K
  class space    used 12213K, capacity 13516K, committed 13568K, reserved 1048576K
}
Event: 3117.506 GC heap before
{Heap before GC invocations=27 (full 4):
 PSYoungGen      total 464896K, used 415078K [0x00000000e0000000, 0x00000000ffb80000, 0x0000000100000000)
  eden space 410112K, 99% used [0x00000000e0000000,0x00000000f9021ab8,0x00000000f9080000)
  from space 54784K, 9% used [0x00000000fc600000,0x00000000fcb38070,0x00000000ffb80000)
  to   space 54784K, 0% used [0x00000000f9080000,0x00000000f9080000,0x00000000fc600000)
 ParOldGen       total 180224K, used 94380K [0x00000000a0000000, 0x00000000ab000000, 0x00000000e0000000)
  object space 180224K, 52% used [0x00000000a0000000,0x00000000a5c2b0d0,0x00000000ab000000)
 Metaspace       used 96868K, capacity 102612K, committed 102860K, reserved 1138688K
  class space    used 12220K, capacity 13524K, committed 13568K, reserved 1048576K
Event: 3117.538 GC heap after
Heap after GC invocations=27 (full 4):
 PSYoungGen      total 464896K, used 8703K [0x00000000e0000000, 0x00000000ffc00000, 0x0000000100000000)
  eden space 410112K, 0% used [0x00000000e0000000,0x00000000e0000000,0x00000000f9080000)
  from space 54784K, 15% used [0x00000000f9080000,0x00000000f98ffcb0,0x00000000fc600000)
  to   space 52736K, 0% used [0x00000000fc880000,0x00000000fc880000,0x00000000ffc00000)
 ParOldGen       total 180224K, used 98230K [0x00000000a0000000, 0x00000000ab000000, 0x00000000e0000000)
  object space 180224K, 54% used [0x00000000a0000000,0x00000000a5fedb70,0x00000000ab000000)
 Metaspace       used 96868K, capacity 102612K, committed 102860K, reserved 1138688K
  class space    used 12220K, capacity 13524K, committed 13568K, reserved 1048576K
}

